<?xml version="1.0" encoding="UTF-8"?>
<!-- Generated by org.testng.reporters.JUnitReportReporter -->
<testsuite hostname="DESKTOP-DJ4FDME" failures="0" tests="1" name="org.wipro.auto.fb.testcase.HeaderScenarios" time="11.082" errors="0" timestamp="2024-05-03T07:37:12 IST" skipped="0">
  <testcase classname="org.wipro.auto.fb.testcase.HeaderScenarios" name="tc001_validheaderLinks" time="11.082"/>
</testsuite> <!-- org.wipro.auto.fb.testcase.HeaderScenarios -->
