<?xml version="1.0" encoding="UTF-8"?>
<!-- Generated by org.testng.reporters.JUnitReportReporter -->
<testsuite hostname="DESKTOP-DJ4FDME" failures="0" tests="7" name="testNGDemo.TestScenario2" time="0.016" errors="0" timestamp="2024-04-13T07:44:37 IST" skipped="1">
  <testcase classname="testNGDemo.TestScenario2" name="first_testcase" time="0.002"/>
  <testcase classname="testNGDemo.TestScenario2" name="third_testcase" time="0.005"/>
  <testcase classname="testNGDemo.TestScenario2" name="fifth_testcase" time="0.002"/>
  <testcase classname="testNGDemo.TestScenario2" name="sixth_testcase" time="0.002"/>
  <testcase classname="testNGDemo.TestScenario2" name="second_testcase" time="0.002"/>
  <testcase classname="testNGDemo.TestScenario2" name="seven_testcase" time="0.003"/>
  <testcase classname="testNGDemo.TestScenario2" name="forth_testcase">
    <skipped/>
  </testcase> <!-- forth_testcase -->
</testsuite> <!-- testNGDemo.TestScenario2 -->
