<?xml version="1.0" encoding="UTF-8"?>
<!-- Generated by org.testng.reporters.JUnitReportReporter -->
<testsuite hostname="DESKTOP-DJ4FDME" failures="0" tests="2" name="org.wipro.auto.fb.testcase.SignupScenario_DDF" time="13.301" errors="0" timestamp="2024-05-02T07:55:07 IST" skipped="0">
  <testcase classname="org.wipro.auto.fb.testcase.SignupScenario_DDF" name="tc002_validsignupfunc" time="6.560"/>
  <testcase classname="org.wipro.auto.fb.testcase.SignupScenario_DDF" name="tc002_validsignupfunc" time="6.741"/>
</testsuite> <!-- org.wipro.auto.fb.testcase.SignupScenario_DDF -->
