<?xml version="1.0" encoding="UTF-8"?>
<!-- Generated by org.testng.reporters.JUnitReportReporter -->
<testsuite hostname="DESKTOP-DJ4FDME" failures="0" tests="2" name="org.xyz.automation.FirstAutomation" time="13.941" errors="0" timestamp="2024-04-19T07:42:33 IST" skipped="0">
  <testcase classname="org.xyz.automation.FirstAutomation" name="loginPage" time="5.001"/>
  <testcase classname="org.xyz.automation.FirstAutomation" name="signup" time="8.940"/>
</testsuite> <!-- org.xyz.automation.FirstAutomation -->
