<?xml version="1.0" encoding="UTF-8"?>
<!-- Generated by org.testng.reporters.JUnitReportReporter -->
<testsuite hostname="DESKTOP-DJ4FDME" failures="0" tests="1" name="org.wipro.auto.fb.testcase.LoginScenario" time="3.875" errors="0" timestamp="2024-05-01T08:01:37 IST" skipped="0">
  <testcase classname="org.wipro.auto.fb.testcase.LoginScenario" name="tc001_validcredentialLogin" time="3.875"/>
</testsuite> <!-- org.wipro.auto.fb.testcase.LoginScenario -->
