<?xml version="1.0" encoding="UTF-8"?>
<!-- Generated by org.testng.reporters.JUnitReportReporter -->
<testsuite hostname="DESKTOP-DJ4FDME" failures="0" tests="7" name="testNGDemo.TestScenario7" time="0.022" errors="0" timestamp="2024-04-13T07:44:37 IST" skipped="0">
  <testcase classname="testNGDemo.TestScenario7" name="fifth_testcase" time="0.010"/>
  <testcase classname="testNGDemo.TestScenario7" name="first_testcase" time="0.004"/>
  <testcase classname="testNGDemo.TestScenario7" name="third_testcase" time="0.002"/>
  <testcase classname="testNGDemo.TestScenario7" name="seven_testcase" time="0.001"/>
  <testcase classname="testNGDemo.TestScenario7" name="forth_testcase" time="0.002"/>
  <testcase classname="testNGDemo.TestScenario7" name="sixth_testcase" time="0.001"/>
  <testcase classname="testNGDemo.TestScenario7" name="second_testcase" time="0.002"/>
</testsuite> <!-- testNGDemo.TestScenario7 -->
