<?xml version="1.0" encoding="UTF-8"?>
<!-- Generated by org.testng.reporters.JUnitReportReporter -->
<testsuite hostname="DESKTOP-DJ4FDME" failures="0" tests="1" name="org.wipro.auto.fb.basePkg.InitinateBrowser" time="6.876" errors="0" timestamp="2024-05-01T07:33:10 IST" skipped="0">
  <testcase classname="org.wipro.auto.fb.basePkg.InitinateBrowser" name="tc1" time="6.876"/>
</testsuite> <!-- org.wipro.auto.fb.basePkg.InitinateBrowser -->
