<?xml version="1.0" encoding="UTF-8"?>
<!-- Generated by org.testng.reporters.JUnitReportReporter -->
<testsuite hostname="DESKTOP-DJ4FDME" failures="0" tests="7" name="testNGDemo.TestScenario4" time="0.018" errors="0" timestamp="2024-04-13T07:44:37 IST" skipped="0">
  <testcase classname="testNGDemo.TestScenario4" name="third_testcase" time="0.005"/>
  <testcase classname="testNGDemo.TestScenario4" name="forth_testcase" time="0.002"/>
  <testcase classname="testNGDemo.TestScenario4" name="first_testcase" time="0.003"/>
  <testcase classname="testNGDemo.TestScenario4" name="sixth_testcase" time="0.002"/>
  <testcase classname="testNGDemo.TestScenario4" name="seven_testcase" time="0.002"/>
  <testcase classname="testNGDemo.TestScenario4" name="fifth_testcase" time="0.001"/>
  <testcase classname="testNGDemo.TestScenario4" name="second_testcase" time="0.003"/>
</testsuite> <!-- testNGDemo.TestScenario4 -->
