<?xml version="1.0" encoding="UTF-8"?>
<!-- Generated by org.testng.reporters.JUnitReportReporter -->
<testsuite hostname="DESKTOP-DJ4FDME" failures="0" tests="1" name="org.xyz.automation.DifferentControl" time="26.251" errors="0" timestamp="2024-04-25T07:51:03 IST" skipped="0">
  <testcase classname="org.xyz.automation.DifferentControl" name="launchBrowser" time="26.251"/>
</testsuite> <!-- org.xyz.automation.DifferentControl -->
