<?xml version="1.0" encoding="UTF-8"?>
<!-- Generated by org.testng.reporters.JUnitReportReporter -->
<testsuite hostname="DESKTOP-DJ4FDME" failures="0" tests="1" name="org.wipro.auto.fb.testcase.SignupScenario" time="7.328" errors="0" timestamp="2024-05-02T07:35:42 IST" skipped="0">
  <testcase classname="org.wipro.auto.fb.testcase.SignupScenario" name="tc002_validsignupfunc" time="7.328"/>
</testsuite> <!-- org.wipro.auto.fb.testcase.SignupScenario -->
