<?xml version="1.0" encoding="UTF-8"?>
<!-- Generated by org.testng.reporters.JUnitReportReporter -->
<testsuite hostname="DESKTOP-DJ4FDME" failures="0" tests="3" name="org.wipro.auto.fb.testcase.LoginScenario_DDF" time="17.035" errors="0" timestamp="2024-05-02T07:42:59 IST" skipped="0">
  <testcase classname="org.wipro.auto.fb.testcase.LoginScenario_DDF" name="tc001_validcredentialLogin" time="6.403"/>
  <testcase classname="org.wipro.auto.fb.testcase.LoginScenario_DDF" name="tc001_validcredentialLogin" time="5.188"/>
  <testcase classname="org.wipro.auto.fb.testcase.LoginScenario_DDF" name="tc001_validcredentialLogin" time="5.444"/>
</testsuite> <!-- org.wipro.auto.fb.testcase.LoginScenario_DDF -->
